[2018-06-21 09:24:36.345] [exthost4] [info] extension host started
[2018-06-21 09:24:36.391] [exthost4] [info] ExtensionService#_doActivateExtension vscode.emmet {"startup":true,"activationEvent":"*"}
[2018-06-21 09:24:36.391] [exthost4] [info] ExtensionService#loadCommonJSModule /private/var/folders/x_/vdt6428d6cj852j3gycm176m0000gn/T/AppTranslocation/5AA1BCEA-8AA9-4CB9-B02E-7BB7949550D6/d/Visual Studio Code.app/Contents/Resources/app/extensions/emmet/out/extension
[2018-06-21 09:24:36.451] [exthost4] [info] ExtensionService#_doActivateExtension vscode.git {"startup":true,"activationEvent":"*"}
[2018-06-21 09:24:36.451] [exthost4] [info] ExtensionService#loadCommonJSModule /private/var/folders/x_/vdt6428d6cj852j3gycm176m0000gn/T/AppTranslocation/5AA1BCEA-8AA9-4CB9-B02E-7BB7949550D6/d/Visual Studio Code.app/Contents/Resources/app/extensions/git/out/main
[2018-06-21 09:24:36.635] [exthost4] [info] ExtensionService#_doActivateExtension vscode.merge-conflict {"startup":true,"activationEvent":"*"}
[2018-06-21 09:24:36.635] [exthost4] [info] ExtensionService#loadCommonJSModule /private/var/folders/x_/vdt6428d6cj852j3gycm176m0000gn/T/AppTranslocation/5AA1BCEA-8AA9-4CB9-B02E-7BB7949550D6/d/Visual Studio Code.app/Contents/Resources/app/extensions/merge-conflict/out/extension
[2018-06-21 09:24:36.651] [exthost4] [info] ExtensionService#_doActivateExtension vscode.search-rg {"startup":true,"activationEvent":"*"}
[2018-06-21 09:24:36.651] [exthost4] [info] ExtensionService#loadCommonJSModule /private/var/folders/x_/vdt6428d6cj852j3gycm176m0000gn/T/AppTranslocation/5AA1BCEA-8AA9-4CB9-B02E-7BB7949550D6/d/Visual Studio Code.app/Contents/Resources/app/extensions/search-rg/out/extension
[2018-06-21 09:24:36.660] [exthost4] [info] ExtensionService#_doActivateExtension formulahendry.auto-close-tag {"startup":true,"activationEvent":"*"}
[2018-06-21 09:24:36.660] [exthost4] [info] ExtensionService#loadCommonJSModule /Users/nextechcatapult/.vscode/extensions/formulahendry.auto-close-tag-0.5.6/out/src/extension
[2018-06-21 09:24:36.663] [exthost4] [info] ExtensionService#_doActivateExtension formulahendry.auto-rename-tag {"startup":true,"activationEvent":"*"}
[2018-06-21 09:24:36.663] [exthost4] [info] ExtensionService#loadCommonJSModule /Users/nextechcatapult/.vscode/extensions/formulahendry.auto-rename-tag-0.0.15/out/src/extension
[2018-06-21 09:24:36.665] [exthost4] [info] ExtensionService#_doActivateExtension ritwickdey.LiveServer {"startup":true,"activationEvent":"*"}
[2018-06-21 09:24:36.665] [exthost4] [info] ExtensionService#loadCommonJSModule /Users/nextechcatapult/.vscode/extensions/ritwickdey.liveserver-5.1.1/out/src/extension
[2018-06-21 09:24:37.041] [exthost4] [info] ExtensionService#_doActivateExtension Zignd.html-css-class-completion {"startup":true,"activationEvent":"*"}
[2018-06-21 09:24:37.041] [exthost4] [info] ExtensionService#loadCommonJSModule /Users/nextechcatapult/.vscode/extensions/zignd.html-css-class-completion-1.17.1/out/src/extension
[2018-06-21 09:24:37.357] [exthost4] [info] eager extensions activated
[2018-06-21 09:26:36.380] [exthost4] [info] extension host started
[2018-06-21 09:26:36.417] [exthost4] [info] ExtensionService#_doActivateExtension vscode.emmet {"startup":true,"activationEvent":"*"}
[2018-06-21 09:26:36.417] [exthost4] [info] ExtensionService#loadCommonJSModule /private/var/folders/x_/vdt6428d6cj852j3gycm176m0000gn/T/AppTranslocation/5AA1BCEA-8AA9-4CB9-B02E-7BB7949550D6/d/Visual Studio Code.app/Contents/Resources/app/extensions/emmet/out/extension
[2018-06-21 09:26:36.476] [exthost4] [info] ExtensionService#_doActivateExtension vscode.git {"startup":true,"activationEvent":"*"}
[2018-06-21 09:26:36.476] [exthost4] [info] ExtensionService#loadCommonJSModule /private/var/folders/x_/vdt6428d6cj852j3gycm176m0000gn/T/AppTranslocation/5AA1BCEA-8AA9-4CB9-B02E-7BB7949550D6/d/Visual Studio Code.app/Contents/Resources/app/extensions/git/out/main
[2018-06-21 09:26:36.623] [exthost4] [info] ExtensionService#_doActivateExtension vscode.merge-conflict {"startup":true,"activationEvent":"*"}
[2018-06-21 09:26:36.623] [exthost4] [info] ExtensionService#loadCommonJSModule /private/var/folders/x_/vdt6428d6cj852j3gycm176m0000gn/T/AppTranslocation/5AA1BCEA-8AA9-4CB9-B02E-7BB7949550D6/d/Visual Studio Code.app/Contents/Resources/app/extensions/merge-conflict/out/extension
[2018-06-21 09:26:36.634] [exthost4] [info] ExtensionService#_doActivateExtension vscode.search-rg {"startup":true,"activationEvent":"*"}
[2018-06-21 09:26:36.635] [exthost4] [info] ExtensionService#loadCommonJSModule /private/var/folders/x_/vdt6428d6cj852j3gycm176m0000gn/T/AppTranslocation/5AA1BCEA-8AA9-4CB9-B02E-7BB7949550D6/d/Visual Studio Code.app/Contents/Resources/app/extensions/search-rg/out/extension
[2018-06-21 09:26:36.640] [exthost4] [info] ExtensionService#_doActivateExtension formulahendry.auto-close-tag {"startup":true,"activationEvent":"*"}
[2018-06-21 09:26:36.640] [exthost4] [info] ExtensionService#loadCommonJSModule /Users/nextechcatapult/.vscode/extensions/formulahendry.auto-close-tag-0.5.6/out/src/extension
[2018-06-21 09:26:36.641] [exthost4] [info] ExtensionService#_doActivateExtension formulahendry.auto-rename-tag {"startup":true,"activationEvent":"*"}
[2018-06-21 09:26:36.641] [exthost4] [info] ExtensionService#loadCommonJSModule /Users/nextechcatapult/.vscode/extensions/formulahendry.auto-rename-tag-0.0.15/out/src/extension
[2018-06-21 09:26:36.644] [exthost4] [info] ExtensionService#_doActivateExtension ritwickdey.LiveServer {"startup":true,"activationEvent":"*"}
[2018-06-21 09:26:36.644] [exthost4] [info] ExtensionService#loadCommonJSModule /Users/nextechcatapult/.vscode/extensions/ritwickdey.liveserver-5.1.1/out/src/extension
[2018-06-21 09:26:36.925] [exthost4] [info] ExtensionService#_doActivateExtension Zignd.html-css-class-completion {"startup":true,"activationEvent":"*"}
[2018-06-21 09:26:36.925] [exthost4] [info] ExtensionService#loadCommonJSModule /Users/nextechcatapult/.vscode/extensions/zignd.html-css-class-completion-1.17.1/out/src/extension
[2018-06-21 09:26:37.226] [exthost4] [info] eager extensions activated
[2018-06-21 09:26:42.412] [exthost4] [info] ExtensionService#_doActivateExtension vscode.html-language-features {"startup":false,"activationEvent":"onLanguage:html"}
[2018-06-21 09:26:42.412] [exthost4] [info] ExtensionService#loadCommonJSModule /private/var/folders/x_/vdt6428d6cj852j3gycm176m0000gn/T/AppTranslocation/5AA1BCEA-8AA9-4CB9-B02E-7BB7949550D6/d/Visual Studio Code.app/Contents/Resources/app/extensions/html-language-features/client/out/htmlMain
[2018-06-21 10:51:16.848] [exthost4] [info] extension host started
[2018-06-21 10:51:16.899] [exthost4] [info] ExtensionService#_doActivateExtension vscode.emmet {"startup":true,"activationEvent":"*"}
[2018-06-21 10:51:16.899] [exthost4] [info] ExtensionService#loadCommonJSModule /private/var/folders/x_/vdt6428d6cj852j3gycm176m0000gn/T/AppTranslocation/5AA1BCEA-8AA9-4CB9-B02E-7BB7949550D6/d/Visual Studio Code.app/Contents/Resources/app/extensions/emmet/out/extension
[2018-06-21 10:51:16.955] [exthost4] [info] ExtensionService#_doActivateExtension vscode.git {"startup":true,"activationEvent":"*"}
[2018-06-21 10:51:16.955] [exthost4] [info] ExtensionService#loadCommonJSModule /private/var/folders/x_/vdt6428d6cj852j3gycm176m0000gn/T/AppTranslocation/5AA1BCEA-8AA9-4CB9-B02E-7BB7949550D6/d/Visual Studio Code.app/Contents/Resources/app/extensions/git/out/main
[2018-06-21 10:51:17.107] [exthost4] [info] ExtensionService#_doActivateExtension vscode.merge-conflict {"startup":true,"activationEvent":"*"}
[2018-06-21 10:51:17.107] [exthost4] [info] ExtensionService#loadCommonJSModule /private/var/folders/x_/vdt6428d6cj852j3gycm176m0000gn/T/AppTranslocation/5AA1BCEA-8AA9-4CB9-B02E-7BB7949550D6/d/Visual Studio Code.app/Contents/Resources/app/extensions/merge-conflict/out/extension
[2018-06-21 10:51:17.119] [exthost4] [info] ExtensionService#_doActivateExtension vscode.search-rg {"startup":true,"activationEvent":"*"}
[2018-06-21 10:51:17.119] [exthost4] [info] ExtensionService#loadCommonJSModule /private/var/folders/x_/vdt6428d6cj852j3gycm176m0000gn/T/AppTranslocation/5AA1BCEA-8AA9-4CB9-B02E-7BB7949550D6/d/Visual Studio Code.app/Contents/Resources/app/extensions/search-rg/out/extension
[2018-06-21 10:51:17.124] [exthost4] [info] ExtensionService#_doActivateExtension formulahendry.auto-close-tag {"startup":true,"activationEvent":"*"}
[2018-06-21 10:51:17.124] [exthost4] [info] ExtensionService#loadCommonJSModule /Users/nextechcatapult/.vscode/extensions/formulahendry.auto-close-tag-0.5.6/out/src/extension
[2018-06-21 10:51:17.125] [exthost4] [info] ExtensionService#_doActivateExtension formulahendry.auto-rename-tag {"startup":true,"activationEvent":"*"}
[2018-06-21 10:51:17.125] [exthost4] [info] ExtensionService#loadCommonJSModule /Users/nextechcatapult/.vscode/extensions/formulahendry.auto-rename-tag-0.0.15/out/src/extension
[2018-06-21 10:51:17.128] [exthost4] [info] ExtensionService#_doActivateExtension ritwickdey.LiveServer {"startup":true,"activationEvent":"*"}
[2018-06-21 10:51:17.128] [exthost4] [info] ExtensionService#loadCommonJSModule /Users/nextechcatapult/.vscode/extensions/ritwickdey.liveserver-5.1.1/out/src/extension
[2018-06-21 10:51:17.444] [exthost4] [info] ExtensionService#_doActivateExtension Zignd.html-css-class-completion {"startup":true,"activationEvent":"*"}
[2018-06-21 10:51:17.444] [exthost4] [info] ExtensionService#loadCommonJSModule /Users/nextechcatapult/.vscode/extensions/zignd.html-css-class-completion-1.17.1/out/src/extension
[2018-06-21 10:51:17.736] [exthost4] [info] eager extensions activated
[2018-06-21 10:51:23.103] [exthost4] [info] ExtensionService#_doActivateExtension vscode.html-language-features {"startup":false,"activationEvent":"onLanguage:html"}
[2018-06-21 10:51:23.103] [exthost4] [info] ExtensionService#loadCommonJSModule /private/var/folders/x_/vdt6428d6cj852j3gycm176m0000gn/T/AppTranslocation/5AA1BCEA-8AA9-4CB9-B02E-7BB7949550D6/d/Visual Studio Code.app/Contents/Resources/app/extensions/html-language-features/client/out/htmlMain
[2018-06-21 11:52:05.313] [exthost4] [info] extension host started
[2018-06-21 11:52:05.343] [exthost4] [info] ExtensionService#_doActivateExtension vscode.emmet {"startup":true,"activationEvent":"*"}
[2018-06-21 11:52:05.343] [exthost4] [info] ExtensionService#loadCommonJSModule /private/var/folders/x_/vdt6428d6cj852j3gycm176m0000gn/T/AppTranslocation/5AA1BCEA-8AA9-4CB9-B02E-7BB7949550D6/d/Visual Studio Code.app/Contents/Resources/app/extensions/emmet/out/extension
[2018-06-21 11:52:05.398] [exthost4] [info] ExtensionService#_doActivateExtension vscode.git {"startup":true,"activationEvent":"*"}
[2018-06-21 11:52:05.399] [exthost4] [info] ExtensionService#loadCommonJSModule /private/var/folders/x_/vdt6428d6cj852j3gycm176m0000gn/T/AppTranslocation/5AA1BCEA-8AA9-4CB9-B02E-7BB7949550D6/d/Visual Studio Code.app/Contents/Resources/app/extensions/git/out/main
[2018-06-21 11:52:05.549] [exthost4] [info] ExtensionService#_doActivateExtension vscode.merge-conflict {"startup":true,"activationEvent":"*"}
[2018-06-21 11:52:05.549] [exthost4] [info] ExtensionService#loadCommonJSModule /private/var/folders/x_/vdt6428d6cj852j3gycm176m0000gn/T/AppTranslocation/5AA1BCEA-8AA9-4CB9-B02E-7BB7949550D6/d/Visual Studio Code.app/Contents/Resources/app/extensions/merge-conflict/out/extension
[2018-06-21 11:52:05.561] [exthost4] [info] ExtensionService#_doActivateExtension vscode.search-rg {"startup":true,"activationEvent":"*"}
[2018-06-21 11:52:05.561] [exthost4] [info] ExtensionService#loadCommonJSModule /private/var/folders/x_/vdt6428d6cj852j3gycm176m0000gn/T/AppTranslocation/5AA1BCEA-8AA9-4CB9-B02E-7BB7949550D6/d/Visual Studio Code.app/Contents/Resources/app/extensions/search-rg/out/extension
[2018-06-21 11:52:05.566] [exthost4] [info] ExtensionService#_doActivateExtension formulahendry.auto-close-tag {"startup":true,"activationEvent":"*"}
[2018-06-21 11:52:05.566] [exthost4] [info] ExtensionService#loadCommonJSModule /Users/nextechcatapult/.vscode/extensions/formulahendry.auto-close-tag-0.5.6/out/src/extension
[2018-06-21 11:52:05.567] [exthost4] [info] ExtensionService#_doActivateExtension formulahendry.auto-rename-tag {"startup":true,"activationEvent":"*"}
[2018-06-21 11:52:05.567] [exthost4] [info] ExtensionService#loadCommonJSModule /Users/nextechcatapult/.vscode/extensions/formulahendry.auto-rename-tag-0.0.15/out/src/extension
[2018-06-21 11:52:05.570] [exthost4] [info] ExtensionService#_doActivateExtension ritwickdey.LiveServer {"startup":true,"activationEvent":"*"}
[2018-06-21 11:52:05.570] [exthost4] [info] ExtensionService#loadCommonJSModule /Users/nextechcatapult/.vscode/extensions/ritwickdey.liveserver-5.1.1/out/src/extension
[2018-06-21 11:52:05.871] [exthost4] [info] ExtensionService#_doActivateExtension Zignd.html-css-class-completion {"startup":true,"activationEvent":"*"}
[2018-06-21 11:52:05.871] [exthost4] [info] ExtensionService#loadCommonJSModule /Users/nextechcatapult/.vscode/extensions/zignd.html-css-class-completion-1.17.1/out/src/extension
[2018-06-21 11:52:06.183] [exthost4] [info] eager extensions activated
[2018-06-21 11:52:07.512] [exthost4] [info] ExtensionService#_doActivateExtension vscode.html-language-features {"startup":false,"activationEvent":"onLanguage:html"}
[2018-06-21 11:52:07.512] [exthost4] [info] ExtensionService#loadCommonJSModule /private/var/folders/x_/vdt6428d6cj852j3gycm176m0000gn/T/AppTranslocation/5AA1BCEA-8AA9-4CB9-B02E-7BB7949550D6/d/Visual Studio Code.app/Contents/Resources/app/extensions/html-language-features/client/out/htmlMain
[2018-06-21 11:52:27.948] [exthost4] [info] extension host started
[2018-06-21 11:52:27.978] [exthost4] [info] ExtensionService#_doActivateExtension vscode.emmet {"startup":true,"activationEvent":"*"}
[2018-06-21 11:52:27.978] [exthost4] [info] ExtensionService#loadCommonJSModule /private/var/folders/x_/vdt6428d6cj852j3gycm176m0000gn/T/AppTranslocation/5AA1BCEA-8AA9-4CB9-B02E-7BB7949550D6/d/Visual Studio Code.app/Contents/Resources/app/extensions/emmet/out/extension
[2018-06-21 11:52:28.030] [exthost4] [info] ExtensionService#_doActivateExtension vscode.git {"startup":true,"activationEvent":"*"}
[2018-06-21 11:52:28.030] [exthost4] [info] ExtensionService#loadCommonJSModule /private/var/folders/x_/vdt6428d6cj852j3gycm176m0000gn/T/AppTranslocation/5AA1BCEA-8AA9-4CB9-B02E-7BB7949550D6/d/Visual Studio Code.app/Contents/Resources/app/extensions/git/out/main
[2018-06-21 11:52:28.178] [exthost4] [info] ExtensionService#_doActivateExtension vscode.merge-conflict {"startup":true,"activationEvent":"*"}
[2018-06-21 11:52:28.178] [exthost4] [info] ExtensionService#loadCommonJSModule /private/var/folders/x_/vdt6428d6cj852j3gycm176m0000gn/T/AppTranslocation/5AA1BCEA-8AA9-4CB9-B02E-7BB7949550D6/d/Visual Studio Code.app/Contents/Resources/app/extensions/merge-conflict/out/extension
[2018-06-21 11:52:28.189] [exthost4] [info] ExtensionService#_doActivateExtension vscode.search-rg {"startup":true,"activationEvent":"*"}
[2018-06-21 11:52:28.189] [exthost4] [info] ExtensionService#loadCommonJSModule /private/var/folders/x_/vdt6428d6cj852j3gycm176m0000gn/T/AppTranslocation/5AA1BCEA-8AA9-4CB9-B02E-7BB7949550D6/d/Visual Studio Code.app/Contents/Resources/app/extensions/search-rg/out/extension
[2018-06-21 11:52:28.195] [exthost4] [info] ExtensionService#_doActivateExtension formulahendry.auto-close-tag {"startup":true,"activationEvent":"*"}
[2018-06-21 11:52:28.195] [exthost4] [info] ExtensionService#loadCommonJSModule /Users/nextechcatapult/.vscode/extensions/formulahendry.auto-close-tag-0.5.6/out/src/extension
[2018-06-21 11:52:28.196] [exthost4] [info] ExtensionService#_doActivateExtension formulahendry.auto-rename-tag {"startup":true,"activationEvent":"*"}
[2018-06-21 11:52:28.196] [exthost4] [info] ExtensionService#loadCommonJSModule /Users/nextechcatapult/.vscode/extensions/formulahendry.auto-rename-tag-0.0.15/out/src/extension
[2018-06-21 11:52:28.198] [exthost4] [info] ExtensionService#_doActivateExtension ritwickdey.LiveServer {"startup":true,"activationEvent":"*"}
[2018-06-21 11:52:28.198] [exthost4] [info] ExtensionService#loadCommonJSModule /Users/nextechcatapult/.vscode/extensions/ritwickdey.liveserver-5.1.1/out/src/extension
[2018-06-21 11:52:28.477] [exthost4] [info] ExtensionService#_doActivateExtension Zignd.html-css-class-completion {"startup":true,"activationEvent":"*"}
[2018-06-21 11:52:28.477] [exthost4] [info] ExtensionService#loadCommonJSModule /Users/nextechcatapult/.vscode/extensions/zignd.html-css-class-completion-1.17.1/out/src/extension
[2018-06-21 11:52:28.744] [exthost4] [info] eager extensions activated
[2018-06-21 11:54:52.444] [exthost4] [info] ExtensionService#_doActivateExtension vscode.html-language-features {"startup":false,"activationEvent":"onLanguage:html"}
[2018-06-21 11:54:52.444] [exthost4] [info] ExtensionService#loadCommonJSModule /private/var/folders/x_/vdt6428d6cj852j3gycm176m0000gn/T/AppTranslocation/5AA1BCEA-8AA9-4CB9-B02E-7BB7949550D6/d/Visual Studio Code.app/Contents/Resources/app/extensions/html-language-features/client/out/htmlMain
[2018-06-21 13:22:32.136] [exthost4] [info] extension host started
[2018-06-21 13:22:32.183] [exthost4] [info] ExtensionService#_doActivateExtension vscode.emmet {"startup":true,"activationEvent":"*"}
[2018-06-21 13:22:32.183] [exthost4] [info] ExtensionService#loadCommonJSModule /private/var/folders/x_/vdt6428d6cj852j3gycm176m0000gn/T/AppTranslocation/5AA1BCEA-8AA9-4CB9-B02E-7BB7949550D6/d/Visual Studio Code.app/Contents/Resources/app/extensions/emmet/out/extension
[2018-06-21 13:22:32.244] [exthost4] [info] ExtensionService#_doActivateExtension vscode.git {"startup":true,"activationEvent":"*"}
[2018-06-21 13:22:32.244] [exthost4] [info] ExtensionService#loadCommonJSModule /private/var/folders/x_/vdt6428d6cj852j3gycm176m0000gn/T/AppTranslocation/5AA1BCEA-8AA9-4CB9-B02E-7BB7949550D6/d/Visual Studio Code.app/Contents/Resources/app/extensions/git/out/main
[2018-06-21 13:22:32.397] [exthost4] [info] ExtensionService#_doActivateExtension vscode.merge-conflict {"startup":true,"activationEvent":"*"}
[2018-06-21 13:22:32.397] [exthost4] [info] ExtensionService#loadCommonJSModule /private/var/folders/x_/vdt6428d6cj852j3gycm176m0000gn/T/AppTranslocation/5AA1BCEA-8AA9-4CB9-B02E-7BB7949550D6/d/Visual Studio Code.app/Contents/Resources/app/extensions/merge-conflict/out/extension
[2018-06-21 13:22:32.408] [exthost4] [info] ExtensionService#_doActivateExtension vscode.search-rg {"startup":true,"activationEvent":"*"}
[2018-06-21 13:22:32.408] [exthost4] [info] ExtensionService#loadCommonJSModule /private/var/folders/x_/vdt6428d6cj852j3gycm176m0000gn/T/AppTranslocation/5AA1BCEA-8AA9-4CB9-B02E-7BB7949550D6/d/Visual Studio Code.app/Contents/Resources/app/extensions/search-rg/out/extension
[2018-06-21 13:22:32.413] [exthost4] [info] ExtensionService#_doActivateExtension formulahendry.auto-close-tag {"startup":true,"activationEvent":"*"}
[2018-06-21 13:22:32.413] [exthost4] [info] ExtensionService#loadCommonJSModule /Users/nextechcatapult/.vscode/extensions/formulahendry.auto-close-tag-0.5.6/out/src/extension
[2018-06-21 13:22:32.414] [exthost4] [info] ExtensionService#_doActivateExtension formulahendry.auto-rename-tag {"startup":true,"activationEvent":"*"}
[2018-06-21 13:22:32.414] [exthost4] [info] ExtensionService#loadCommonJSModule /Users/nextechcatapult/.vscode/extensions/formulahendry.auto-rename-tag-0.0.15/out/src/extension
[2018-06-21 13:22:32.417] [exthost4] [info] ExtensionService#_doActivateExtension ritwickdey.LiveServer {"startup":true,"activationEvent":"*"}
[2018-06-21 13:22:32.417] [exthost4] [info] ExtensionService#loadCommonJSModule /Users/nextechcatapult/.vscode/extensions/ritwickdey.liveserver-5.1.1/out/src/extension
[2018-06-21 13:22:32.727] [exthost4] [info] ExtensionService#_doActivateExtension Zignd.html-css-class-completion {"startup":true,"activationEvent":"*"}
[2018-06-21 13:22:32.727] [exthost4] [info] ExtensionService#loadCommonJSModule /Users/nextechcatapult/.vscode/extensions/zignd.html-css-class-completion-1.17.1/out/src/extension
[2018-06-21 13:22:33.033] [exthost4] [info] eager extensions activated
[2018-06-21 13:22:33.499] [exthost4] [info] ExtensionService#_doActivateExtension vscode.css-language-features {"startup":false,"activationEvent":"onLanguage:css"}
[2018-06-21 13:22:33.499] [exthost4] [info] ExtensionService#loadCommonJSModule /private/var/folders/x_/vdt6428d6cj852j3gycm176m0000gn/T/AppTranslocation/5AA1BCEA-8AA9-4CB9-B02E-7BB7949550D6/d/Visual Studio Code.app/Contents/Resources/app/extensions/css-language-features/client/out/cssMain
[2018-06-21 13:22:33.606] [exthost4] [info] ExtensionService#_doActivateExtension aeschli.vscode-css-formatter {"startup":false,"activationEvent":"onLanguage:css"}
[2018-06-21 13:22:33.606] [exthost4] [info] ExtensionService#loadCommonJSModule /Users/nextechcatapult/.vscode/extensions/aeschli.vscode-css-formatter-1.0.1/out/extension
[2018-06-21 13:22:35.558] [exthost4] [info] ExtensionService#_doActivateExtension vscode.html-language-features {"startup":false,"activationEvent":"onLanguage:html"}
[2018-06-21 13:22:35.558] [exthost4] [info] ExtensionService#loadCommonJSModule /private/var/folders/x_/vdt6428d6cj852j3gycm176m0000gn/T/AppTranslocation/5AA1BCEA-8AA9-4CB9-B02E-7BB7949550D6/d/Visual Studio Code.app/Contents/Resources/app/extensions/html-language-features/client/out/htmlMain
[2018-06-21 14:33:50.342] [exthost4] [info] extension host started
[2018-06-21 14:33:50.375] [exthost4] [info] ExtensionService#_doActivateExtension vscode.emmet {"startup":true,"activationEvent":"*"}
[2018-06-21 14:33:50.375] [exthost4] [info] ExtensionService#loadCommonJSModule /private/var/folders/x_/vdt6428d6cj852j3gycm176m0000gn/T/AppTranslocation/5AA1BCEA-8AA9-4CB9-B02E-7BB7949550D6/d/Visual Studio Code.app/Contents/Resources/app/extensions/emmet/out/extension
[2018-06-21 14:33:50.438] [exthost4] [info] ExtensionService#_doActivateExtension vscode.git {"startup":true,"activationEvent":"*"}
[2018-06-21 14:33:50.438] [exthost4] [info] ExtensionService#loadCommonJSModule /private/var/folders/x_/vdt6428d6cj852j3gycm176m0000gn/T/AppTranslocation/5AA1BCEA-8AA9-4CB9-B02E-7BB7949550D6/d/Visual Studio Code.app/Contents/Resources/app/extensions/git/out/main
[2018-06-21 14:33:50.620] [exthost4] [info] ExtensionService#_doActivateExtension vscode.merge-conflict {"startup":true,"activationEvent":"*"}
[2018-06-21 14:33:50.620] [exthost4] [info] ExtensionService#loadCommonJSModule /private/var/folders/x_/vdt6428d6cj852j3gycm176m0000gn/T/AppTranslocation/5AA1BCEA-8AA9-4CB9-B02E-7BB7949550D6/d/Visual Studio Code.app/Contents/Resources/app/extensions/merge-conflict/out/extension
[2018-06-21 14:33:50.633] [exthost4] [info] ExtensionService#_doActivateExtension vscode.search-rg {"startup":true,"activationEvent":"*"}
[2018-06-21 14:33:50.633] [exthost4] [info] ExtensionService#loadCommonJSModule /private/var/folders/x_/vdt6428d6cj852j3gycm176m0000gn/T/AppTranslocation/5AA1BCEA-8AA9-4CB9-B02E-7BB7949550D6/d/Visual Studio Code.app/Contents/Resources/app/extensions/search-rg/out/extension
[2018-06-21 14:33:50.639] [exthost4] [info] ExtensionService#_doActivateExtension formulahendry.auto-close-tag {"startup":true,"activationEvent":"*"}
[2018-06-21 14:33:50.639] [exthost4] [info] ExtensionService#loadCommonJSModule /Users/nextechcatapult/.vscode/extensions/formulahendry.auto-close-tag-0.5.6/out/src/extension
[2018-06-21 14:33:50.640] [exthost4] [info] ExtensionService#_doActivateExtension formulahendry.auto-rename-tag {"startup":true,"activationEvent":"*"}
[2018-06-21 14:33:50.640] [exthost4] [info] ExtensionService#loadCommonJSModule /Users/nextechcatapult/.vscode/extensions/formulahendry.auto-rename-tag-0.0.15/out/src/extension
[2018-06-21 14:33:50.643] [exthost4] [info] ExtensionService#_doActivateExtension ritwickdey.LiveServer {"startup":true,"activationEvent":"*"}
[2018-06-21 14:33:50.643] [exthost4] [info] ExtensionService#loadCommonJSModule /Users/nextechcatapult/.vscode/extensions/ritwickdey.liveserver-5.1.1/out/src/extension
[2018-06-21 14:33:50.951] [exthost4] [info] ExtensionService#_doActivateExtension Zignd.html-css-class-completion {"startup":true,"activationEvent":"*"}
[2018-06-21 14:33:50.951] [exthost4] [info] ExtensionService#loadCommonJSModule /Users/nextechcatapult/.vscode/extensions/zignd.html-css-class-completion-1.17.1/out/src/extension
[2018-06-21 14:33:51.260] [exthost4] [info] eager extensions activated
[2018-06-21 14:33:56.302] [exthost4] [info] ExtensionService#_doActivateExtension vscode.css-language-features {"startup":false,"activationEvent":"onLanguage:css"}
[2018-06-21 14:33:56.302] [exthost4] [info] ExtensionService#loadCommonJSModule /private/var/folders/x_/vdt6428d6cj852j3gycm176m0000gn/T/AppTranslocation/5AA1BCEA-8AA9-4CB9-B02E-7BB7949550D6/d/Visual Studio Code.app/Contents/Resources/app/extensions/css-language-features/client/out/cssMain
[2018-06-21 14:33:56.371] [exthost4] [info] ExtensionService#_doActivateExtension aeschli.vscode-css-formatter {"startup":false,"activationEvent":"onLanguage:css"}
[2018-06-21 14:33:56.371] [exthost4] [info] ExtensionService#loadCommonJSModule /Users/nextechcatapult/.vscode/extensions/aeschli.vscode-css-formatter-1.0.1/out/extension
[2018-06-21 14:39:36.582] [exthost4] [info] extension host started
[2018-06-21 14:39:36.618] [exthost4] [info] ExtensionService#_doActivateExtension vscode.emmet {"startup":true,"activationEvent":"*"}
[2018-06-21 14:39:36.618] [exthost4] [info] ExtensionService#loadCommonJSModule /private/var/folders/x_/vdt6428d6cj852j3gycm176m0000gn/T/AppTranslocation/5AA1BCEA-8AA9-4CB9-B02E-7BB7949550D6/d/Visual Studio Code.app/Contents/Resources/app/extensions/emmet/out/extension
[2018-06-21 14:39:36.685] [exthost4] [info] ExtensionService#_doActivateExtension vscode.git {"startup":true,"activationEvent":"*"}
[2018-06-21 14:39:36.685] [exthost4] [info] ExtensionService#loadCommonJSModule /private/var/folders/x_/vdt6428d6cj852j3gycm176m0000gn/T/AppTranslocation/5AA1BCEA-8AA9-4CB9-B02E-7BB7949550D6/d/Visual Studio Code.app/Contents/Resources/app/extensions/git/out/main
[2018-06-21 14:39:36.853] [exthost4] [info] ExtensionService#_doActivateExtension vscode.merge-conflict {"startup":true,"activationEvent":"*"}
[2018-06-21 14:39:36.853] [exthost4] [info] ExtensionService#loadCommonJSModule /private/var/folders/x_/vdt6428d6cj852j3gycm176m0000gn/T/AppTranslocation/5AA1BCEA-8AA9-4CB9-B02E-7BB7949550D6/d/Visual Studio Code.app/Contents/Resources/app/extensions/merge-conflict/out/extension
[2018-06-21 14:39:36.865] [exthost4] [info] ExtensionService#_doActivateExtension vscode.search-rg {"startup":true,"activationEvent":"*"}
[2018-06-21 14:39:36.865] [exthost4] [info] ExtensionService#loadCommonJSModule /private/var/folders/x_/vdt6428d6cj852j3gycm176m0000gn/T/AppTranslocation/5AA1BCEA-8AA9-4CB9-B02E-7BB7949550D6/d/Visual Studio Code.app/Contents/Resources/app/extensions/search-rg/out/extension
[2018-06-21 14:39:36.873] [exthost4] [info] ExtensionService#_doActivateExtension formulahendry.auto-close-tag {"startup":true,"activationEvent":"*"}
[2018-06-21 14:39:36.873] [exthost4] [info] ExtensionService#loadCommonJSModule /Users/nextechcatapult/.vscode/extensions/formulahendry.auto-close-tag-0.5.6/out/src/extension
[2018-06-21 14:39:36.874] [exthost4] [info] ExtensionService#_doActivateExtension formulahendry.auto-rename-tag {"startup":true,"activationEvent":"*"}
[2018-06-21 14:39:36.874] [exthost4] [info] ExtensionService#loadCommonJSModule /Users/nextechcatapult/.vscode/extensions/formulahendry.auto-rename-tag-0.0.15/out/src/extension
[2018-06-21 14:39:36.877] [exthost4] [info] ExtensionService#_doActivateExtension ritwickdey.LiveServer {"startup":true,"activationEvent":"*"}
[2018-06-21 14:39:36.877] [exthost4] [info] ExtensionService#loadCommonJSModule /Users/nextechcatapult/.vscode/extensions/ritwickdey.liveserver-5.1.1/out/src/extension
[2018-06-21 14:39:37.226] [exthost4] [info] ExtensionService#_doActivateExtension Zignd.html-css-class-completion {"startup":true,"activationEvent":"*"}
[2018-06-21 14:39:37.226] [exthost4] [info] ExtensionService#loadCommonJSModule /Users/nextechcatapult/.vscode/extensions/zignd.html-css-class-completion-1.17.1/out/src/extension
[2018-06-21 14:39:37.575] [exthost4] [info] eager extensions activated
[2018-06-21 14:39:37.575] [exthost4] [info] ExtensionService#_doActivateExtension vscode.css-language-features {"startup":false,"activationEvent":"onLanguage:css"}
[2018-06-21 14:39:37.575] [exthost4] [info] ExtensionService#loadCommonJSModule /private/var/folders/x_/vdt6428d6cj852j3gycm176m0000gn/T/AppTranslocation/5AA1BCEA-8AA9-4CB9-B02E-7BB7949550D6/d/Visual Studio Code.app/Contents/Resources/app/extensions/css-language-features/client/out/cssMain
[2018-06-21 14:39:37.634] [exthost4] [info] ExtensionService#_doActivateExtension aeschli.vscode-css-formatter {"startup":false,"activationEvent":"onLanguage:css"}
[2018-06-21 14:39:37.634] [exthost4] [info] ExtensionService#loadCommonJSModule /Users/nextechcatapult/.vscode/extensions/aeschli.vscode-css-formatter-1.0.1/out/extension
[2018-06-21 14:39:38.214] [exthost4] [info] ExtensionService#_doActivateExtension vscode.extension-editing {"startup":false,"activationEvent":"onLanguage:markdown"}
[2018-06-21 14:39:38.214] [exthost4] [info] ExtensionService#loadCommonJSModule /private/var/folders/x_/vdt6428d6cj852j3gycm176m0000gn/T/AppTranslocation/5AA1BCEA-8AA9-4CB9-B02E-7BB7949550D6/d/Visual Studio Code.app/Contents/Resources/app/extensions/extension-editing/out/extension
[2018-06-21 14:39:38.247] [exthost4] [info] ExtensionService#_doActivateExtension vscode.markdown-language-features {"startup":false,"activationEvent":"onLanguage:markdown"}
[2018-06-21 14:39:38.247] [exthost4] [info] ExtensionService#loadCommonJSModule /private/var/folders/x_/vdt6428d6cj852j3gycm176m0000gn/T/AppTranslocation/5AA1BCEA-8AA9-4CB9-B02E-7BB7949550D6/d/Visual Studio Code.app/Contents/Resources/app/extensions/markdown-language-features/out/extension
[2018-06-21 14:39:40.640] [exthost4] [info] ExtensionService#_doActivateExtension vscode.configuration-editing {"startup":false,"activationEvent":"onLanguage:jsonc"}
[2018-06-21 14:39:40.640] [exthost4] [info] ExtensionService#loadCommonJSModule /private/var/folders/x_/vdt6428d6cj852j3gycm176m0000gn/T/AppTranslocation/5AA1BCEA-8AA9-4CB9-B02E-7BB7949550D6/d/Visual Studio Code.app/Contents/Resources/app/extensions/configuration-editing/out/extension
[2018-06-21 14:39:40.668] [exthost4] [info] ExtensionService#_doActivateExtension vscode.json-language-features {"startup":false,"activationEvent":"onLanguage:jsonc"}
[2018-06-21 14:39:40.668] [exthost4] [info] ExtensionService#loadCommonJSModule /private/var/folders/x_/vdt6428d6cj852j3gycm176m0000gn/T/AppTranslocation/5AA1BCEA-8AA9-4CB9-B02E-7BB7949550D6/d/Visual Studio Code.app/Contents/Resources/app/extensions/json-language-features/client/out/jsonMain
[2018-06-21 14:57:35.227] [exthost4] [info] ExtensionService#_doActivateExtension vscode.html-language-features {"startup":false,"activationEvent":"onLanguage:html"}
[2018-06-21 14:57:35.227] [exthost4] [info] ExtensionService#loadCommonJSModule /private/var/folders/x_/vdt6428d6cj852j3gycm176m0000gn/T/AppTranslocation/5AA1BCEA-8AA9-4CB9-B02E-7BB7949550D6/d/Visual Studio Code.app/Contents/Resources/app/extensions/html-language-features/client/out/htmlMain
[2018-06-22 09:49:50.036] [exthost4] [info] extension host started
[2018-06-22 09:49:50.082] [exthost4] [info] ExtensionService#_doActivateExtension vscode.emmet {"startup":true,"activationEvent":"*"}
[2018-06-22 09:49:50.082] [exthost4] [info] ExtensionService#loadCommonJSModule /private/var/folders/x_/vdt6428d6cj852j3gycm176m0000gn/T/AppTranslocation/5AA1BCEA-8AA9-4CB9-B02E-7BB7949550D6/d/Visual Studio Code.app/Contents/Resources/app/extensions/emmet/out/extension
[2018-06-22 09:49:50.187] [exthost4] [info] ExtensionService#_doActivateExtension vscode.git {"startup":true,"activationEvent":"*"}
[2018-06-22 09:49:50.187] [exthost4] [info] ExtensionService#loadCommonJSModule /private/var/folders/x_/vdt6428d6cj852j3gycm176m0000gn/T/AppTranslocation/5AA1BCEA-8AA9-4CB9-B02E-7BB7949550D6/d/Visual Studio Code.app/Contents/Resources/app/extensions/git/out/main
[2018-06-22 09:49:50.496] [exthost4] [info] ExtensionService#_doActivateExtension vscode.merge-conflict {"startup":true,"activationEvent":"*"}
[2018-06-22 09:49:50.496] [exthost4] [info] ExtensionService#loadCommonJSModule /private/var/folders/x_/vdt6428d6cj852j3gycm176m0000gn/T/AppTranslocation/5AA1BCEA-8AA9-4CB9-B02E-7BB7949550D6/d/Visual Studio Code.app/Contents/Resources/app/extensions/merge-conflict/out/extension
[2018-06-22 09:49:50.522] [exthost4] [info] ExtensionService#_doActivateExtension vscode.search-rg {"startup":true,"activationEvent":"*"}
[2018-06-22 09:49:50.522] [exthost4] [info] ExtensionService#loadCommonJSModule /private/var/folders/x_/vdt6428d6cj852j3gycm176m0000gn/T/AppTranslocation/5AA1BCEA-8AA9-4CB9-B02E-7BB7949550D6/d/Visual Studio Code.app/Contents/Resources/app/extensions/search-rg/out/extension
[2018-06-22 09:49:50.532] [exthost4] [info] ExtensionService#_doActivateExtension formulahendry.auto-close-tag {"startup":true,"activationEvent":"*"}
[2018-06-22 09:49:50.532] [exthost4] [info] ExtensionService#loadCommonJSModule /Users/nextechcatapult/.vscode/extensions/formulahendry.auto-close-tag-0.5.6/out/src/extension
[2018-06-22 09:49:50.534] [exthost4] [info] ExtensionService#_doActivateExtension formulahendry.auto-rename-tag {"startup":true,"activationEvent":"*"}
[2018-06-22 09:49:50.534] [exthost4] [info] ExtensionService#loadCommonJSModule /Users/nextechcatapult/.vscode/extensions/formulahendry.auto-rename-tag-0.0.15/out/src/extension
[2018-06-22 09:49:50.539] [exthost4] [info] ExtensionService#_doActivateExtension ritwickdey.LiveServer {"startup":true,"activationEvent":"*"}
[2018-06-22 09:49:50.539] [exthost4] [info] ExtensionService#loadCommonJSModule /Users/nextechcatapult/.vscode/extensions/ritwickdey.liveserver-5.1.1/out/src/extension
[2018-06-22 09:49:51.239] [exthost4] [info] ExtensionService#_doActivateExtension Zignd.html-css-class-completion {"startup":true,"activationEvent":"*"}
[2018-06-22 09:49:51.239] [exthost4] [info] ExtensionService#loadCommonJSModule /Users/nextechcatapult/.vscode/extensions/zignd.html-css-class-completion-1.17.1/out/src/extension
[2018-06-22 09:49:51.801] [exthost4] [info] eager extensions activated
[2018-06-22 09:55:09.112] [exthost4] [info] ExtensionService#_doActivateExtension vscode.typescript-language-features {"startup":false,"activationEvent":"onLanguage:javascript"}
[2018-06-22 09:55:09.112] [exthost4] [info] ExtensionService#loadCommonJSModule /private/var/folders/x_/vdt6428d6cj852j3gycm176m0000gn/T/AppTranslocation/5AA1BCEA-8AA9-4CB9-B02E-7BB7949550D6/d/Visual Studio Code.app/Contents/Resources/app/extensions/typescript-language-features/out/extension
[2018-06-22 09:55:21.758] [exthost4] [info] ExtensionService#_doActivateExtension vscode.html-language-features {"startup":false,"activationEvent":"onLanguage:html"}
[2018-06-22 09:55:21.758] [exthost4] [info] ExtensionService#loadCommonJSModule /private/var/folders/x_/vdt6428d6cj852j3gycm176m0000gn/T/AppTranslocation/5AA1BCEA-8AA9-4CB9-B02E-7BB7949550D6/d/Visual Studio Code.app/Contents/Resources/app/extensions/html-language-features/client/out/htmlMain
[2018-06-22 10:00:15.561] [exthost4] [info] extension host started
[2018-06-22 10:00:15.593] [exthost4] [info] ExtensionService#_doActivateExtension vscode.emmet {"startup":true,"activationEvent":"*"}
[2018-06-22 10:00:15.593] [exthost4] [info] ExtensionService#loadCommonJSModule /private/var/folders/x_/vdt6428d6cj852j3gycm176m0000gn/T/AppTranslocation/5AA1BCEA-8AA9-4CB9-B02E-7BB7949550D6/d/Visual Studio Code.app/Contents/Resources/app/extensions/emmet/out/extension
[2018-06-22 10:00:15.669] [exthost4] [info] ExtensionService#_doActivateExtension vscode.git {"startup":true,"activationEvent":"*"}
[2018-06-22 10:00:15.670] [exthost4] [info] ExtensionService#loadCommonJSModule /private/var/folders/x_/vdt6428d6cj852j3gycm176m0000gn/T/AppTranslocation/5AA1BCEA-8AA9-4CB9-B02E-7BB7949550D6/d/Visual Studio Code.app/Contents/Resources/app/extensions/git/out/main
[2018-06-22 10:00:15.841] [exthost4] [info] ExtensionService#_doActivateExtension vscode.merge-conflict {"startup":true,"activationEvent":"*"}
[2018-06-22 10:00:15.841] [exthost4] [info] ExtensionService#loadCommonJSModule /private/var/folders/x_/vdt6428d6cj852j3gycm176m0000gn/T/AppTranslocation/5AA1BCEA-8AA9-4CB9-B02E-7BB7949550D6/d/Visual Studio Code.app/Contents/Resources/app/extensions/merge-conflict/out/extension
[2018-06-22 10:00:15.855] [exthost4] [info] ExtensionService#_doActivateExtension vscode.search-rg {"startup":true,"activationEvent":"*"}
[2018-06-22 10:00:15.855] [exthost4] [info] ExtensionService#loadCommonJSModule /private/var/folders/x_/vdt6428d6cj852j3gycm176m0000gn/T/AppTranslocation/5AA1BCEA-8AA9-4CB9-B02E-7BB7949550D6/d/Visual Studio Code.app/Contents/Resources/app/extensions/search-rg/out/extension
[2018-06-22 10:00:15.861] [exthost4] [info] ExtensionService#_doActivateExtension formulahendry.auto-close-tag {"startup":true,"activationEvent":"*"}
[2018-06-22 10:00:15.861] [exthost4] [info] ExtensionService#loadCommonJSModule /Users/nextechcatapult/.vscode/extensions/formulahendry.auto-close-tag-0.5.6/out/src/extension
[2018-06-22 10:00:15.862] [exthost4] [info] ExtensionService#_doActivateExtension formulahendry.auto-rename-tag {"startup":true,"activationEvent":"*"}
[2018-06-22 10:00:15.862] [exthost4] [info] ExtensionService#loadCommonJSModule /Users/nextechcatapult/.vscode/extensions/formulahendry.auto-rename-tag-0.0.15/out/src/extension
[2018-06-22 10:00:15.865] [exthost4] [info] ExtensionService#_doActivateExtension ritwickdey.LiveServer {"startup":true,"activationEvent":"*"}
[2018-06-22 10:00:15.865] [exthost4] [info] ExtensionService#loadCommonJSModule /Users/nextechcatapult/.vscode/extensions/ritwickdey.liveserver-5.1.1/out/src/extension
[2018-06-22 10:00:16.197] [exthost4] [info] ExtensionService#_doActivateExtension Zignd.html-css-class-completion {"startup":true,"activationEvent":"*"}
[2018-06-22 10:00:16.197] [exthost4] [info] ExtensionService#loadCommonJSModule /Users/nextechcatapult/.vscode/extensions/zignd.html-css-class-completion-1.17.1/out/src/extension
[2018-06-22 10:00:16.513] [exthost4] [info] eager extensions activated
[2018-06-22 10:00:16.514] [exthost4] [info] ExtensionService#_doActivateExtension vscode.css-language-features {"startup":false,"activationEvent":"onLanguage:css"}
[2018-06-22 10:00:16.514] [exthost4] [info] ExtensionService#loadCommonJSModule /private/var/folders/x_/vdt6428d6cj852j3gycm176m0000gn/T/AppTranslocation/5AA1BCEA-8AA9-4CB9-B02E-7BB7949550D6/d/Visual Studio Code.app/Contents/Resources/app/extensions/css-language-features/client/out/cssMain
[2018-06-22 10:00:16.617] [exthost4] [info] ExtensionService#_doActivateExtension aeschli.vscode-css-formatter {"startup":false,"activationEvent":"onLanguage:css"}
[2018-06-22 10:00:16.617] [exthost4] [info] ExtensionService#loadCommonJSModule /Users/nextechcatapult/.vscode/extensions/aeschli.vscode-css-formatter-1.0.1/out/extension
[2018-06-22 10:00:17.628] [exthost4] [info] ExtensionService#_doActivateExtension vscode.html-language-features {"startup":false,"activationEvent":"onLanguage:html"}
[2018-06-22 10:00:17.628] [exthost4] [info] ExtensionService#loadCommonJSModule /private/var/folders/x_/vdt6428d6cj852j3gycm176m0000gn/T/AppTranslocation/5AA1BCEA-8AA9-4CB9-B02E-7BB7949550D6/d/Visual Studio Code.app/Contents/Resources/app/extensions/html-language-features/client/out/htmlMain
[2018-06-22 10:00:35.848] [exthost4] [info] extension host started
[2018-06-22 10:00:35.885] [exthost4] [info] ExtensionService#_doActivateExtension vscode.emmet {"startup":true,"activationEvent":"*"}
[2018-06-22 10:00:35.885] [exthost4] [info] ExtensionService#loadCommonJSModule /private/var/folders/x_/vdt6428d6cj852j3gycm176m0000gn/T/AppTranslocation/5AA1BCEA-8AA9-4CB9-B02E-7BB7949550D6/d/Visual Studio Code.app/Contents/Resources/app/extensions/emmet/out/extension
[2018-06-22 10:00:35.950] [exthost4] [info] ExtensionService#_doActivateExtension vscode.git {"startup":true,"activationEvent":"*"}
[2018-06-22 10:00:35.950] [exthost4] [info] ExtensionService#loadCommonJSModule /private/var/folders/x_/vdt6428d6cj852j3gycm176m0000gn/T/AppTranslocation/5AA1BCEA-8AA9-4CB9-B02E-7BB7949550D6/d/Visual Studio Code.app/Contents/Resources/app/extensions/git/out/main
[2018-06-22 10:00:36.116] [exthost4] [info] ExtensionService#_doActivateExtension vscode.merge-conflict {"startup":true,"activationEvent":"*"}
[2018-06-22 10:00:36.116] [exthost4] [info] ExtensionService#loadCommonJSModule /private/var/folders/x_/vdt6428d6cj852j3gycm176m0000gn/T/AppTranslocation/5AA1BCEA-8AA9-4CB9-B02E-7BB7949550D6/d/Visual Studio Code.app/Contents/Resources/app/extensions/merge-conflict/out/extension
[2018-06-22 10:00:36.129] [exthost4] [info] ExtensionService#_doActivateExtension vscode.search-rg {"startup":true,"activationEvent":"*"}
[2018-06-22 10:00:36.129] [exthost4] [info] ExtensionService#loadCommonJSModule /private/var/folders/x_/vdt6428d6cj852j3gycm176m0000gn/T/AppTranslocation/5AA1BCEA-8AA9-4CB9-B02E-7BB7949550D6/d/Visual Studio Code.app/Contents/Resources/app/extensions/search-rg/out/extension
[2018-06-22 10:00:36.134] [exthost4] [info] ExtensionService#_doActivateExtension formulahendry.auto-close-tag {"startup":true,"activationEvent":"*"}
[2018-06-22 10:00:36.134] [exthost4] [info] ExtensionService#loadCommonJSModule /Users/nextechcatapult/.vscode/extensions/formulahendry.auto-close-tag-0.5.6/out/src/extension
[2018-06-22 10:00:36.135] [exthost4] [info] ExtensionService#_doActivateExtension formulahendry.auto-rename-tag {"startup":true,"activationEvent":"*"}
[2018-06-22 10:00:36.135] [exthost4] [info] ExtensionService#loadCommonJSModule /Users/nextechcatapult/.vscode/extensions/formulahendry.auto-rename-tag-0.0.15/out/src/extension
[2018-06-22 10:00:36.138] [exthost4] [info] ExtensionService#_doActivateExtension ritwickdey.LiveServer {"startup":true,"activationEvent":"*"}
[2018-06-22 10:00:36.138] [exthost4] [info] ExtensionService#loadCommonJSModule /Users/nextechcatapult/.vscode/extensions/ritwickdey.liveserver-5.1.1/out/src/extension
[2018-06-22 10:00:36.484] [exthost4] [info] ExtensionService#_doActivateExtension Zignd.html-css-class-completion {"startup":true,"activationEvent":"*"}
[2018-06-22 10:00:36.484] [exthost4] [info] ExtensionService#loadCommonJSModule /Users/nextechcatapult/.vscode/extensions/zignd.html-css-class-completion-1.17.1/out/src/extension
[2018-06-22 10:00:36.811] [exthost4] [info] eager extensions activated
[2018-06-22 10:00:36.811] [exthost4] [info] ExtensionService#_doActivateExtension vscode.html-language-features {"startup":false,"activationEvent":"onLanguage:html"}
[2018-06-22 10:00:36.811] [exthost4] [info] ExtensionService#loadCommonJSModule /private/var/folders/x_/vdt6428d6cj852j3gycm176m0000gn/T/AppTranslocation/5AA1BCEA-8AA9-4CB9-B02E-7BB7949550D6/d/Visual Studio Code.app/Contents/Resources/app/extensions/html-language-features/client/out/htmlMain
