[2018-06-21 09:07:32.291] [sharedprocess] [info] main {"machineId":"4f17cd523e27e3fc569b77b0fdb79231fa2c2f345a589dd08bbad116358cc4f8"}
[2018-06-21 09:07:32.333] [sharedprocess] [info] Scanned user extensions: 5
[2018-06-21 09:07:32.830] [sharedprocess] [info] Scanned system extensions: 70
[2018-06-21 09:07:32.833] [sharedprocess] [info] Deleted from disk ritwickdey.liveserver-5.0.0
[2018-06-21 09:07:34.492] [sharedprocess] [info] Scanned user extensions: 5
[2018-06-21 09:07:34.496] [sharedprocess] [info] Scanned user extensions: 5
[2018-06-21 09:07:34.552] [sharedprocess] [info] Scanned system extensions: 70
[2018-06-21 09:07:37.668] [sharedprocess] [info] Scanned user extensions: 5
[2018-06-21 09:08:12.306] [sharedprocess] [info] Starting to clean up unused language packs.
[2018-06-21 09:09:54.544] [sharedprocess] [info] Scanned user extensions: 5
[2018-06-21 09:09:54.550] [sharedprocess] [info] Scanned user extensions: 5
[2018-06-21 09:09:54.558] [sharedprocess] [info] Scanned user extensions: 5
[2018-06-21 09:09:54.676] [sharedprocess] [info] Scanned system extensions: 70
[2018-06-21 09:09:54.681] [sharedprocess] [info] Scanned system extensions: 70
[2018-06-21 09:09:57.038] [sharedprocess] [info] Scanned user extensions: 5
[2018-06-21 09:15:41.709] [sharedprocess] [info] Scanned user extensions: 5
[2018-06-21 09:20:42.355] [sharedprocess] [info] Scanned user extensions: 5
[2018-06-21 09:24:35.987] [sharedprocess] [info] Scanned user extensions: 5
[2018-06-21 09:24:35.991] [sharedprocess] [info] Scanned user extensions: 5
[2018-06-21 09:24:35.999] [sharedprocess] [info] Scanned user extensions: 5
[2018-06-21 09:24:36.087] [sharedprocess] [info] Scanned system extensions: 70
[2018-06-21 09:24:36.093] [sharedprocess] [info] Scanned system extensions: 70
[2018-06-21 09:24:36.161] [sharedprocess] [info] Scanned user extensions: 5
[2018-06-21 09:24:36.163] [sharedprocess] [info] Scanned user extensions: 5
[2018-06-21 09:24:36.174] [sharedprocess] [info] Scanned user extensions: 5
[2018-06-21 09:24:36.237] [sharedprocess] [info] Scanned system extensions: 70
[2018-06-21 09:24:36.240] [sharedprocess] [info] Scanned system extensions: 70
[2018-06-21 09:24:38.547] [sharedprocess] [info] Scanned user extensions: 5
[2018-06-21 09:26:36.020] [sharedprocess] [info] Scanned user extensions: 5
[2018-06-21 09:26:36.022] [sharedprocess] [info] Scanned user extensions: 5
[2018-06-21 09:26:36.031] [sharedprocess] [info] Scanned user extensions: 5
[2018-06-21 09:26:36.133] [sharedprocess] [info] Scanned system extensions: 70
[2018-06-21 09:26:36.139] [sharedprocess] [info] Scanned system extensions: 70
[2018-06-21 09:26:38.620] [sharedprocess] [info] Scanned user extensions: 5
[2018-06-21 09:28:06.762] [sharedprocess] [info] Scanned user extensions: 5
[2018-06-21 09:28:06.764] [sharedprocess] [info] Scanned user extensions: 5
[2018-06-21 09:28:06.765] [sharedprocess] [info] Scanned user extensions: 5
[2018-06-21 09:28:06.835] [sharedprocess] [info] Scanned system extensions: 70
[2018-06-21 09:28:06.839] [sharedprocess] [info] Scanned system extensions: 70
[2018-06-21 09:31:38.650] [sharedprocess] [info] Scanned user extensions: 5
[2018-06-21 09:36:38.667] [sharedprocess] [info] Scanned user extensions: 5
[2018-06-21 09:41:38.716] [sharedprocess] [info] Scanned user extensions: 5
[2018-06-21 09:46:38.748] [sharedprocess] [info] Scanned user extensions: 5
[2018-06-21 09:51:38.773] [sharedprocess] [info] Scanned user extensions: 5
[2018-06-21 09:52:56.700] [sharedprocess] [info] Scanned user extensions: 5
[2018-06-21 09:52:56.702] [sharedprocess] [info] Scanned user extensions: 5
[2018-06-21 09:52:56.772] [sharedprocess] [info] Scanned system extensions: 70
[2018-06-21 09:52:56.775] [sharedprocess] [info] Scanned system extensions: 70
[2018-06-21 09:53:05.563] [sharedprocess] [info] Scanned user extensions: 5
[2018-06-21 09:53:05.571] [sharedprocess] [info] Scanned user extensions: 5
[2018-06-21 09:53:05.632] [sharedprocess] [info] Scanned system extensions: 70
[2018-06-21 09:53:05.635] [sharedprocess] [info] Scanned system extensions: 70
[2018-06-21 09:56:38.794] [sharedprocess] [info] Scanned user extensions: 5
[2018-06-21 10:01:38.838] [sharedprocess] [info] Scanned user extensions: 5
[2018-06-21 10:06:38.860] [sharedprocess] [info] Scanned user extensions: 5
[2018-06-21 10:12:40.914] [sharedprocess] [info] Scanned user extensions: 5
[2018-06-21 10:17:42.472] [sharedprocess] [info] Scanned user extensions: 5
[2018-06-21 10:22:42.495] [sharedprocess] [info] Scanned user extensions: 5
[2018-06-21 10:27:42.518] [sharedprocess] [info] Scanned user extensions: 5
[2018-06-21 10:32:42.543] [sharedprocess] [info] Scanned user extensions: 5
[2018-06-21 10:37:42.564] [sharedprocess] [info] Scanned user extensions: 5
[2018-06-21 10:42:42.587] [sharedprocess] [info] Scanned user extensions: 5
[2018-06-21 10:47:42.608] [sharedprocess] [info] Scanned user extensions: 5
[2018-06-21 10:51:16.426] [sharedprocess] [info] Scanned user extensions: 5
[2018-06-21 10:51:16.442] [sharedprocess] [info] Scanned user extensions: 5
[2018-06-21 10:51:16.452] [sharedprocess] [info] Scanned user extensions: 5
[2018-06-21 10:51:16.558] [sharedprocess] [info] Scanned system extensions: 70
[2018-06-21 10:51:16.564] [sharedprocess] [info] Scanned system extensions: 70
[2018-06-21 10:51:18.954] [sharedprocess] [info] Scanned user extensions: 5
[2018-06-21 10:56:18.993] [sharedprocess] [info] Scanned user extensions: 5
[2018-06-21 11:01:19.016] [sharedprocess] [info] Scanned user extensions: 5
[2018-06-21 11:06:19.038] [sharedprocess] [info] Scanned user extensions: 5
[2018-06-21 11:11:19.075] [sharedprocess] [info] Scanned user extensions: 5
[2018-06-21 11:16:19.097] [sharedprocess] [info] Scanned user extensions: 5
[2018-06-21 11:21:19.204] [sharedprocess] [info] Scanned user extensions: 5
[2018-06-21 11:26:19.240] [sharedprocess] [info] Scanned user extensions: 5
[2018-06-21 11:31:19.260] [sharedprocess] [info] Scanned user extensions: 5
[2018-06-21 11:39:29.080] [sharedprocess] [info] Scanned user extensions: 5
[2018-06-21 11:44:29.101] [sharedprocess] [info] Scanned user extensions: 5
[2018-06-21 11:49:29.121] [sharedprocess] [info] Scanned user extensions: 5
[2018-06-21 11:52:04.999] [sharedprocess] [info] Scanned user extensions: 5
[2018-06-21 11:52:05.001] [sharedprocess] [info] Scanned user extensions: 5
[2018-06-21 11:52:05.005] [sharedprocess] [info] Scanned user extensions: 5
[2018-06-21 11:52:05.107] [sharedprocess] [info] Scanned system extensions: 70
[2018-06-21 11:52:05.120] [sharedprocess] [info] Scanned system extensions: 70
[2018-06-21 11:52:07.035] [sharedprocess] [info] Scanned user extensions: 5
[2018-06-21 11:52:27.047] [sharedprocess] [info] Scanned user extensions: 5
[2018-06-21 11:52:27.058] [sharedprocess] [info] Scanned user extensions: 5
[2018-06-21 11:52:27.114] [sharedprocess] [info] Scanned system extensions: 70
[2018-06-21 11:52:30.113] [sharedprocess] [info] Scanned user extensions: 5
[2018-06-21 11:57:30.172] [sharedprocess] [info] Scanned user extensions: 5
[2018-06-21 12:17:59.596] [sharedprocess] [info] Scanned user extensions: 5
[2018-06-21 12:22:59.701] [sharedprocess] [info] Scanned user extensions: 5
[2018-06-21 12:27:59.728] [sharedprocess] [info] Scanned user extensions: 5
[2018-06-21 12:36:01.732] [sharedprocess] [info] Scanned user extensions: 5
[2018-06-21 12:43:38.268] [sharedprocess] [info] Scanned user extensions: 5
[2018-06-21 12:48:38.288] [sharedprocess] [info] Scanned user extensions: 5
[2018-06-21 12:53:38.307] [sharedprocess] [info] Scanned user extensions: 5
[2018-06-21 12:58:58.480] [sharedprocess] [info] Scanned user extensions: 5
[2018-06-21 13:03:58.501] [sharedprocess] [info] Scanned user extensions: 5
[2018-06-21 13:08:58.520] [sharedprocess] [info] Scanned user extensions: 5
[2018-06-21 13:17:44.012] [sharedprocess] [info] Scanned user extensions: 5
[2018-06-21 13:22:31.761] [sharedprocess] [info] Scanned user extensions: 5
[2018-06-21 13:22:31.765] [sharedprocess] [info] Scanned user extensions: 5
[2018-06-21 13:22:31.774] [sharedprocess] [info] Scanned user extensions: 5
[2018-06-21 13:22:31.961] [sharedprocess] [info] Scanned system extensions: 70
[2018-06-21 13:22:31.968] [sharedprocess] [info] Scanned system extensions: 70
[2018-06-21 13:22:34.323] [sharedprocess] [info] Scanned user extensions: 5
[2018-06-21 13:27:34.613] [sharedprocess] [info] Scanned user extensions: 5
[2018-06-21 13:32:34.635] [sharedprocess] [info] Scanned user extensions: 5
[2018-06-21 13:37:34.657] [sharedprocess] [info] Scanned user extensions: 5
[2018-06-21 13:42:34.688] [sharedprocess] [info] Scanned user extensions: 5
[2018-06-21 13:47:34.710] [sharedprocess] [info] Scanned user extensions: 5
[2018-06-21 13:52:34.731] [sharedprocess] [info] Scanned user extensions: 5
[2018-06-21 13:57:34.774] [sharedprocess] [info] Scanned user extensions: 5
[2018-06-21 14:02:34.795] [sharedprocess] [info] Scanned user extensions: 5
[2018-06-21 14:07:34.817] [sharedprocess] [info] Scanned user extensions: 5
[2018-06-21 14:12:34.841] [sharedprocess] [info] Scanned user extensions: 5
[2018-06-21 14:17:34.876] [sharedprocess] [info] Scanned user extensions: 5
[2018-06-21 14:22:34.898] [sharedprocess] [info] Scanned user extensions: 5
[2018-06-21 14:27:35.037] [sharedprocess] [info] Scanned user extensions: 5
[2018-06-21 14:32:35.077] [sharedprocess] [info] Scanned user extensions: 5
[2018-06-21 14:33:50.053] [sharedprocess] [info] Scanned user extensions: 5
[2018-06-21 14:33:50.057] [sharedprocess] [info] Scanned user extensions: 5
[2018-06-21 14:33:50.063] [sharedprocess] [info] Scanned user extensions: 5
[2018-06-21 14:33:50.221] [sharedprocess] [info] Scanned system extensions: 70
[2018-06-21 14:33:50.226] [sharedprocess] [info] Scanned system extensions: 70
[2018-06-21 14:33:52.132] [sharedprocess] [info] Scanned user extensions: 5
[2018-06-21 14:38:52.168] [sharedprocess] [info] Scanned user extensions: 5
[2018-06-21 14:39:35.861] [sharedprocess] [info] Scanned user extensions: 5
[2018-06-21 14:39:35.862] [sharedprocess] [info] Scanned user extensions: 5
[2018-06-21 14:39:35.908] [sharedprocess] [info] Scanned system extensions: 70
[2018-06-21 14:39:39.035] [sharedprocess] [info] Scanned user extensions: 5
[2018-06-21 14:44:39.071] [sharedprocess] [info] Scanned user extensions: 5
[2018-06-21 14:49:39.099] [sharedprocess] [info] Scanned user extensions: 5
[2018-06-21 14:54:39.128] [sharedprocess] [info] Scanned user extensions: 5
[2018-06-21 14:59:39.153] [sharedprocess] [info] Scanned user extensions: 5
[2018-06-21 15:04:39.177] [sharedprocess] [info] Scanned user extensions: 5
[2018-06-21 15:09:39.223] [sharedprocess] [info] Scanned user extensions: 5
[2018-06-21 15:14:39.246] [sharedprocess] [info] Scanned user extensions: 5
[2018-06-21 15:19:39.269] [sharedprocess] [info] Scanned user extensions: 5
[2018-06-21 15:24:39.316] [sharedprocess] [info] Scanned user extensions: 5
[2018-06-21 15:29:39.487] [sharedprocess] [info] Scanned user extensions: 5
[2018-06-21 15:34:39.508] [sharedprocess] [info] Scanned user extensions: 5
[2018-06-21 15:39:39.529] [sharedprocess] [info] Scanned user extensions: 5
[2018-06-21 15:44:39.566] [sharedprocess] [info] Scanned user extensions: 5
[2018-06-21 15:49:39.592] [sharedprocess] [info] Scanned user extensions: 5
[2018-06-21 15:54:39.618] [sharedprocess] [info] Scanned user extensions: 5
[2018-06-21 18:21:38.112] [sharedprocess] [info] Scanned user extensions: 5
[2018-06-21 18:26:38.135] [sharedprocess] [info] Scanned user extensions: 5
[2018-06-21 18:31:38.162] [sharedprocess] [info] Scanned user extensions: 5
[2018-06-21 18:36:38.169] [sharedprocess] [info] Scanned user extensions: 5
[2018-06-21 18:41:38.196] [sharedprocess] [info] Scanned user extensions: 5
[2018-06-21 18:46:38.223] [sharedprocess] [info] Scanned user extensions: 5
[2018-06-21 18:51:38.248] [sharedprocess] [info] Scanned user extensions: 5
[2018-06-21 18:56:38.296] [sharedprocess] [info] Scanned user extensions: 5
[2018-06-21 19:01:38.323] [sharedprocess] [info] Scanned user extensions: 5
[2018-06-21 22:28:20.389] [sharedprocess] [info] Scanned user extensions: 5
[2018-06-21 22:33:20.390] [sharedprocess] [info] Scanned user extensions: 5
[2018-06-21 22:38:20.395] [sharedprocess] [info] Scanned user extensions: 5
[2018-06-21 22:43:20.397] [sharedprocess] [info] Scanned user extensions: 5
[2018-06-21 22:48:20.470] [sharedprocess] [info] Scanned user extensions: 5
[2018-06-22 09:30:10.261] [sharedprocess] [info] Scanned user extensions: 5
[2018-06-22 09:35:08.272] [sharedprocess] [info] Scanned user extensions: 5
[2018-06-22 09:40:08.441] [sharedprocess] [info] Scanned user extensions: 5
[2018-06-22 09:45:08.440] [sharedprocess] [info] Scanned user extensions: 5
[2018-06-22 09:49:49.640] [sharedprocess] [info] Scanned user extensions: 5
[2018-06-22 09:49:49.650] [sharedprocess] [info] Scanned user extensions: 5
[2018-06-22 09:49:49.651] [sharedprocess] [info] Scanned user extensions: 5
[2018-06-22 09:49:49.838] [sharedprocess] [info] Scanned system extensions: 70
[2018-06-22 09:49:49.843] [sharedprocess] [info] Scanned system extensions: 70
[2018-06-22 09:49:52.156] [sharedprocess] [info] Scanned user extensions: 5
[2018-06-22 09:54:52.257] [sharedprocess] [info] Scanned user extensions: 5
[2018-06-22 09:59:52.259] [sharedprocess] [info] Scanned user extensions: 5
[2018-06-22 10:00:14.846] [sharedprocess] [info] Scanned user extensions: 5
[2018-06-22 10:00:14.850] [sharedprocess] [info] Scanned user extensions: 5
[2018-06-22 10:00:14.894] [sharedprocess] [info] Scanned system extensions: 70
[2018-06-22 10:00:17.987] [sharedprocess] [info] Scanned user extensions: 5
[2018-06-22 10:00:35.098] [sharedprocess] [info] Scanned user extensions: 5
[2018-06-22 10:00:35.103] [sharedprocess] [info] Scanned user extensions: 5
[2018-06-22 10:00:35.105] [sharedprocess] [info] Scanned user extensions: 5
[2018-06-22 10:00:35.186] [sharedprocess] [info] Scanned system extensions: 70
[2018-06-22 10:00:35.190] [sharedprocess] [info] Scanned system extensions: 70
[2018-06-22 10:00:35.243] [sharedprocess] [info] Scanned user extensions: 5
[2018-06-22 10:00:35.310] [sharedprocess] [info] Scanned system extensions: 70
[2018-06-22 10:00:38.251] [sharedprocess] [info] Scanned user extensions: 5
[2018-06-22 10:16:04.246] [sharedprocess] [info] Scanned user extensions: 5
[2018-06-22 10:16:04.252] [sharedprocess] [info] Scanned user extensions: 5
[2018-06-22 10:16:04.258] [sharedprocess] [info] Scanned user extensions: 5
[2018-06-22 10:16:04.344] [sharedprocess] [info] Scanned system extensions: 70
[2018-06-22 10:16:04.349] [sharedprocess] [info] Scanned system extensions: 70
[2018-06-22 10:16:06.834] [sharedprocess] [info] Scanned user extensions: 5
[2018-06-22 10:17:01.917] [sharedprocess] [info] Scanned user extensions: 5
[2018-06-22 10:17:01.923] [sharedprocess] [info] Scanned user extensions: 5
[2018-06-22 10:17:01.935] [sharedprocess] [info] Scanned user extensions: 5
[2018-06-22 10:17:02.049] [sharedprocess] [info] Scanned system extensions: 70
[2018-06-22 10:17:02.057] [sharedprocess] [info] Scanned system extensions: 70
[2018-06-22 10:17:04.522] [sharedprocess] [info] Scanned user extensions: 5
[2018-06-22 10:22:04.545] [sharedprocess] [info] Scanned user extensions: 5
[2018-06-22 10:27:04.555] [sharedprocess] [info] Scanned user extensions: 5
[2018-06-22 10:32:04.681] [sharedprocess] [info] Scanned user extensions: 5
[2018-06-22 10:37:04.704] [sharedprocess] [info] Scanned user extensions: 5
[2018-06-22 10:42:04.883] [sharedprocess] [info] Scanned user extensions: 5
[2018-06-22 10:47:04.904] [sharedprocess] [info] Scanned user extensions: 5
[2018-06-22 10:52:04.952] [sharedprocess] [info] Scanned user extensions: 5
[2018-06-22 10:57:04.975] [sharedprocess] [info] Scanned user extensions: 5
[2018-06-22 11:02:04.999] [sharedprocess] [info] Scanned user extensions: 5
[2018-06-22 11:09:02.187] [sharedprocess] [info] Scanned user extensions: 5
[2018-06-22 11:14:02.207] [sharedprocess] [info] Scanned user extensions: 5
[2018-06-22 11:19:02.227] [sharedprocess] [info] Scanned user extensions: 5
[2018-06-22 11:28:25.830] [sharedprocess] [info] Scanned user extensions: 5
[2018-06-22 11:34:44.057] [sharedprocess] [info] Scanned user extensions: 5
[2018-06-22 11:39:44.081] [sharedprocess] [info] Scanned user extensions: 5
[2018-06-22 11:44:44.181] [sharedprocess] [info] Scanned user extensions: 5
[2018-06-22 11:49:44.206] [sharedprocess] [info] Scanned user extensions: 5
[2018-06-22 11:54:44.243] [sharedprocess] [info] Scanned user extensions: 5
[2018-06-22 11:59:44.265] [sharedprocess] [info] Scanned user extensions: 5
[2018-06-22 12:58:28.664] [sharedprocess] [info] Scanned user extensions: 5
[2018-06-22 12:58:28.665] [sharedprocess] [info] Scanned user extensions: 5
[2018-06-22 12:58:28.720] [sharedprocess] [info] Scanned system extensions: 70
[2018-06-22 12:58:31.822] [sharedprocess] [info] Scanned user extensions: 5
[2018-06-22 12:59:10.687] [sharedprocess] [info] Scanned user extensions: 5
[2018-06-22 12:59:10.690] [sharedprocess] [info] Scanned user extensions: 5
[2018-06-22 12:59:10.697] [sharedprocess] [info] Scanned user extensions: 5
[2018-06-22 12:59:10.819] [sharedprocess] [info] Scanned system extensions: 70
[2018-06-22 12:59:10.824] [sharedprocess] [info] Scanned system extensions: 70
[2018-06-22 12:59:13.246] [sharedprocess] [info] Scanned user extensions: 5
[2018-06-22 13:00:05.460] [sharedprocess] [info] Scanned user extensions: 5
[2018-06-22 13:00:05.461] [sharedprocess] [info] Scanned user extensions: 5
[2018-06-22 13:00:05.510] [sharedprocess] [info] Scanned system extensions: 70
[2018-06-22 13:00:08.651] [sharedprocess] [info] Scanned user extensions: 5
[2018-06-22 13:03:47.776] [sharedprocess] [info] Scanned user extensions: 5
[2018-06-22 13:03:47.783] [sharedprocess] [info] Scanned user extensions: 5
[2018-06-22 13:03:47.836] [sharedprocess] [info] Scanned system extensions: 70
[2018-06-22 13:03:50.982] [sharedprocess] [info] Scanned user extensions: 5
[2018-06-22 13:08:51.056] [sharedprocess] [info] Scanned user extensions: 5
[2018-06-22 13:13:50.771] [sharedprocess] [info] Scanned user extensions: 5
[2018-06-22 13:18:50.793] [sharedprocess] [info] Scanned user extensions: 5
[2018-06-22 13:23:50.816] [sharedprocess] [info] Scanned user extensions: 5
[2018-06-22 13:28:50.866] [sharedprocess] [info] Scanned user extensions: 5
[2018-06-22 13:33:50.889] [sharedprocess] [info] Scanned user extensions: 5
[2018-06-22 13:38:50.911] [sharedprocess] [info] Scanned user extensions: 5
[2018-06-22 13:43:50.933] [sharedprocess] [info] Scanned user extensions: 5
[2018-06-22 13:48:50.971] [sharedprocess] [info] Scanned user extensions: 5
[2018-06-22 13:53:50.991] [sharedprocess] [info] Scanned user extensions: 5
[2018-06-22 13:58:51.156] [sharedprocess] [info] Scanned user extensions: 5
[2018-06-22 14:03:51.181] [sharedprocess] [info] Scanned user extensions: 5
[2018-06-22 14:08:51.224] [sharedprocess] [info] Scanned user extensions: 5
[2018-06-22 14:13:51.248] [sharedprocess] [info] Scanned user extensions: 5
[2018-06-22 14:22:44.828] [sharedprocess] [info] Scanned user extensions: 5
[2018-06-22 14:27:44.849] [sharedprocess] [info] Scanned user extensions: 5
[2018-06-22 14:42:25.837] [sharedprocess] [info] Scanned user extensions: 5
[2018-06-22 15:00:18.886] [sharedprocess] [info] Scanned user extensions: 5
[2018-06-22 15:05:26.416] [sharedprocess] [info] Scanned user extensions: 5
[2018-06-22 15:10:25.823] [sharedprocess] [info] Scanned user extensions: 5
[2018-06-22 15:15:25.843] [sharedprocess] [info] Scanned user extensions: 5
[2018-06-22 15:20:25.865] [sharedprocess] [info] Scanned user extensions: 5
[2018-06-22 15:25:25.920] [sharedprocess] [info] Scanned user extensions: 5
[2018-06-22 15:30:25.941] [sharedprocess] [info] Scanned user extensions: 5
[2018-06-22 15:35:25.962] [sharedprocess] [info] Scanned user extensions: 5
[2018-06-22 15:40:25.983] [sharedprocess] [info] Scanned user extensions: 5
[2018-06-22 22:01:10.239] [sharedprocess] [info] Scanned user extensions: 5
[2018-06-23 15:23:24.503] [sharedprocess] [info] Scanned user extensions: 5
[2018-06-23 15:28:24.107] [sharedprocess] [info] Scanned user extensions: 5
[2018-06-23 15:33:24.127] [sharedprocess] [info] Scanned user extensions: 5
[2018-06-23 15:38:24.140] [sharedprocess] [info] Scanned user extensions: 5
[2018-06-23 15:43:24.150] [sharedprocess] [info] Scanned user extensions: 5
[2018-06-23 15:48:24.250] [sharedprocess] [info] Scanned user extensions: 5
[2018-06-23 15:53:24.410] [sharedprocess] [info] Scanned user extensions: 5
[2018-06-23 15:58:24.460] [sharedprocess] [info] Scanned user extensions: 5
[2018-06-23 23:03:44.839] [sharedprocess] [info] Scanned user extensions: 5
[2018-06-23 23:08:44.918] [sharedprocess] [info] Scanned user extensions: 5
[2018-06-23 23:13:44.982] [sharedprocess] [info] Scanned user extensions: 5
[2018-06-23 23:18:45.006] [sharedprocess] [info] Scanned user extensions: 5
[2018-06-23 23:23:45.150] [sharedprocess] [info] Scanned user extensions: 5
[2018-06-23 23:28:45.239] [sharedprocess] [info] Scanned user extensions: 5
[2018-06-23 23:33:45.311] [sharedprocess] [info] Scanned user extensions: 5
[2018-06-23 23:38:45.339] [sharedprocess] [info] Scanned user extensions: 5
[2018-06-23 23:43:45.379] [sharedprocess] [info] Scanned user extensions: 5
[2018-06-23 23:48:45.414] [sharedprocess] [info] Scanned user extensions: 5
[2018-06-23 23:53:45.434] [sharedprocess] [info] Scanned user extensions: 5
[2018-06-23 23:58:45.535] [sharedprocess] [info] Scanned user extensions: 5
[2018-06-24 15:07:56.354] [sharedprocess] [info] Scanned user extensions: 5
[2018-06-24 15:12:56.387] [sharedprocess] [info] Scanned user extensions: 5
[2018-06-24 17:46:52.984] [sharedprocess] [info] Scanned user extensions: 5
[2018-06-24 17:51:53.002] [sharedprocess] [info] Scanned user extensions: 5
[2018-06-24 17:56:53.023] [sharedprocess] [info] Scanned user extensions: 5
[2018-06-24 18:01:53.286] [sharedprocess] [info] Scanned user extensions: 5
[2018-06-24 18:06:53.389] [sharedprocess] [info] Scanned user extensions: 5
[2018-06-24 18:11:53.414] [sharedprocess] [info] Scanned user extensions: 5
[2018-06-24 18:16:53.450] [sharedprocess] [info] Scanned user extensions: 5
[2018-06-24 18:21:53.500] [sharedprocess] [info] Scanned user extensions: 5
[2018-06-24 18:26:53.524] [sharedprocess] [info] Scanned user extensions: 5
[2018-06-24 18:31:53.563] [sharedprocess] [info] Scanned user extensions: 5
[2018-06-24 18:36:53.593] [sharedprocess] [info] Scanned user extensions: 5
[2018-06-24 18:41:53.633] [sharedprocess] [info] Scanned user extensions: 5
[2018-06-24 18:46:53.815] [sharedprocess] [info] Scanned user extensions: 5
[2018-06-25 08:58:53.850] [sharedprocess] [info] Scanned user extensions: 5
[2018-06-25 09:00:17.943] [sharedprocess] [info] Scanned user extensions: 5
[2018-06-25 09:00:17.949] [sharedprocess] [info] Scanned user extensions: 5
[2018-06-25 09:00:18.030] [sharedprocess] [info] Scanned system extensions: 70
[2018-06-25 09:00:21.163] [sharedprocess] [info] Scanned user extensions: 5
[2018-06-25 09:06:23.353] [sharedprocess] [info] Scanned user extensions: 5
[2018-06-25 09:11:23.348] [sharedprocess] [info] Scanned user extensions: 5
[2018-06-25 09:16:23.348] [sharedprocess] [info] Scanned user extensions: 5
[2018-06-25 09:18:28.445] [sharedprocess] [info] Scanned user extensions: 5
[2018-06-25 09:18:28.449] [sharedprocess] [info] Scanned user extensions: 5
[2018-06-25 09:18:28.498] [sharedprocess] [info] Scanned system extensions: 70
[2018-06-25 09:18:31.630] [sharedprocess] [info] Scanned user extensions: 5
[2018-06-25 09:18:57.261] [sharedprocess] [info] Scanned user extensions: 5
[2018-06-25 09:18:57.271] [sharedprocess] [info] Scanned user extensions: 5
[2018-06-25 09:18:57.319] [sharedprocess] [info] Scanned system extensions: 70
[2018-06-25 09:19:00.423] [sharedprocess] [info] Scanned user extensions: 5
[2018-06-25 09:19:38.706] [sharedprocess] [info] Scanned user extensions: 5
[2018-06-25 09:19:38.729] [sharedprocess] [info] Scanned user extensions: 5
[2018-06-25 09:19:38.785] [sharedprocess] [info] Scanned system extensions: 70
[2018-06-25 09:19:41.858] [sharedprocess] [info] Scanned user extensions: 5
[2018-06-25 09:24:41.873] [sharedprocess] [info] Scanned user extensions: 5
[2018-06-25 09:45:30.720] [sharedprocess] [info] Scanned user extensions: 5
[2018-06-25 09:45:30.724] [sharedprocess] [info] Scanned user extensions: 5
[2018-06-25 09:45:30.732] [sharedprocess] [info] Scanned user extensions: 5
[2018-06-25 09:45:30.811] [sharedprocess] [info] Scanned system extensions: 70
[2018-06-25 09:45:30.816] [sharedprocess] [info] Scanned system extensions: 70
[2018-06-25 09:45:33.276] [sharedprocess] [info] Scanned user extensions: 5
[2018-06-25 09:50:33.306] [sharedprocess] [info] Scanned user extensions: 5
[2018-06-25 09:55:33.328] [sharedprocess] [info] Scanned user extensions: 5
[2018-06-25 10:00:33.445] [sharedprocess] [info] Scanned user extensions: 5
[2018-06-25 10:05:33.468] [sharedprocess] [info] Scanned user extensions: 5
[2018-06-25 10:10:33.488] [sharedprocess] [info] Scanned user extensions: 5
[2018-06-25 10:15:33.508] [sharedprocess] [info] Scanned user extensions: 5
[2018-06-25 10:18:54.920] [sharedprocess] [info] Scanned user extensions: 5
[2018-06-25 10:18:54.921] [sharedprocess] [info] Scanned user extensions: 5
[2018-06-25 10:18:54.970] [sharedprocess] [info] Scanned system extensions: 70
[2018-06-25 10:18:57.982] [sharedprocess] [info] Scanned user extensions: 5
[2018-06-25 10:19:33.218] [sharedprocess] [info] Scanned user extensions: 5
[2018-06-25 10:19:33.219] [sharedprocess] [info] Scanned user extensions: 5
[2018-06-25 10:19:33.273] [sharedprocess] [info] Scanned system extensions: 70
[2018-06-25 10:19:36.419] [sharedprocess] [info] Scanned user extensions: 5
[2018-06-25 10:24:28.479] [sharedprocess] [info] Scanned user extensions: 5
[2018-06-25 10:24:28.481] [sharedprocess] [info] Scanned user extensions: 5
[2018-06-25 10:24:28.537] [sharedprocess] [info] Scanned system extensions: 70
[2018-06-25 10:24:31.676] [sharedprocess] [info] Scanned user extensions: 5
[2018-06-25 10:30:20.231] [sharedprocess] [info] Scanned user extensions: 5
[2018-06-25 10:35:20.253] [sharedprocess] [info] Scanned user extensions: 5
[2018-06-25 10:40:20.277] [sharedprocess] [info] Scanned user extensions: 5
[2018-06-25 10:45:20.311] [sharedprocess] [info] Scanned user extensions: 5
[2018-06-25 10:48:29.025] [sharedprocess] [info] Scanned user extensions: 5
[2018-06-25 10:48:29.028] [sharedprocess] [info] Scanned user extensions: 5
[2018-06-25 10:48:29.031] [sharedprocess] [info] Scanned user extensions: 5
[2018-06-25 10:48:29.114] [sharedprocess] [info] Scanned system extensions: 70
[2018-06-25 10:48:29.129] [sharedprocess] [info] Scanned system extensions: 70
[2018-06-25 10:48:31.599] [sharedprocess] [info] Scanned user extensions: 5
[2018-06-25 10:53:31.630] [sharedprocess] [info] Scanned user extensions: 5
