[2018-06-20 10:41:30.468] [exthost21] [info] extension host started
[2018-06-20 10:41:30.499] [exthost21] [info] ExtensionService#_doActivateExtension vscode.emmet {"startup":true,"activationEvent":"*"}
[2018-06-20 10:41:30.499] [exthost21] [info] ExtensionService#loadCommonJSModule /private/var/folders/x_/vdt6428d6cj852j3gycm176m0000gn/T/AppTranslocation/680FE136-149D-4C7E-A931-6E814772AA35/d/Visual Studio Code.app/Contents/Resources/app/extensions/emmet/out/extension
[2018-06-20 10:41:30.556] [exthost21] [info] ExtensionService#_doActivateExtension vscode.git {"startup":true,"activationEvent":"*"}
[2018-06-20 10:41:30.556] [exthost21] [info] ExtensionService#loadCommonJSModule /private/var/folders/x_/vdt6428d6cj852j3gycm176m0000gn/T/AppTranslocation/680FE136-149D-4C7E-A931-6E814772AA35/d/Visual Studio Code.app/Contents/Resources/app/extensions/git/out/main
[2018-06-20 10:41:30.709] [exthost21] [info] ExtensionService#_doActivateExtension vscode.merge-conflict {"startup":true,"activationEvent":"*"}
[2018-06-20 10:41:30.709] [exthost21] [info] ExtensionService#loadCommonJSModule /private/var/folders/x_/vdt6428d6cj852j3gycm176m0000gn/T/AppTranslocation/680FE136-149D-4C7E-A931-6E814772AA35/d/Visual Studio Code.app/Contents/Resources/app/extensions/merge-conflict/out/extension
[2018-06-20 10:41:30.720] [exthost21] [info] ExtensionService#_doActivateExtension vscode.search-rg {"startup":true,"activationEvent":"*"}
[2018-06-20 10:41:30.720] [exthost21] [info] ExtensionService#loadCommonJSModule /private/var/folders/x_/vdt6428d6cj852j3gycm176m0000gn/T/AppTranslocation/680FE136-149D-4C7E-A931-6E814772AA35/d/Visual Studio Code.app/Contents/Resources/app/extensions/search-rg/out/extension
[2018-06-20 10:41:30.726] [exthost21] [info] ExtensionService#_doActivateExtension formulahendry.auto-close-tag {"startup":true,"activationEvent":"*"}
[2018-06-20 10:41:30.726] [exthost21] [info] ExtensionService#loadCommonJSModule /Users/nextechcatapult/.vscode/extensions/formulahendry.auto-close-tag-0.5.6/out/src/extension
[2018-06-20 10:41:30.727] [exthost21] [info] ExtensionService#_doActivateExtension formulahendry.auto-rename-tag {"startup":true,"activationEvent":"*"}
[2018-06-20 10:41:30.727] [exthost21] [info] ExtensionService#loadCommonJSModule /Users/nextechcatapult/.vscode/extensions/formulahendry.auto-rename-tag-0.0.15/out/src/extension
[2018-06-20 10:41:30.729] [exthost21] [info] ExtensionService#_doActivateExtension ritwickdey.LiveServer {"startup":true,"activationEvent":"*"}
[2018-06-20 10:41:30.729] [exthost21] [info] ExtensionService#loadCommonJSModule /Users/nextechcatapult/.vscode/extensions/ritwickdey.liveserver-5.1.1/out/src/extension
[2018-06-20 10:41:31.047] [exthost21] [info] ExtensionService#_doActivateExtension Zignd.html-css-class-completion {"startup":true,"activationEvent":"*"}
[2018-06-20 10:41:31.047] [exthost21] [info] ExtensionService#loadCommonJSModule /Users/nextechcatapult/.vscode/extensions/zignd.html-css-class-completion-1.17.1/out/src/extension
[2018-06-20 10:41:31.343] [exthost21] [info] eager extensions activated
[2018-06-20 10:41:36.439] [exthost21] [info] extension host started
[2018-06-20 10:41:36.472] [exthost21] [info] ExtensionService#_doActivateExtension vscode.emmet {"startup":true,"activationEvent":"*"}
[2018-06-20 10:41:36.472] [exthost21] [info] ExtensionService#loadCommonJSModule /private/var/folders/x_/vdt6428d6cj852j3gycm176m0000gn/T/AppTranslocation/680FE136-149D-4C7E-A931-6E814772AA35/d/Visual Studio Code.app/Contents/Resources/app/extensions/emmet/out/extension
[2018-06-20 10:41:36.532] [exthost21] [info] ExtensionService#_doActivateExtension vscode.git {"startup":true,"activationEvent":"*"}
[2018-06-20 10:41:36.532] [exthost21] [info] ExtensionService#loadCommonJSModule /private/var/folders/x_/vdt6428d6cj852j3gycm176m0000gn/T/AppTranslocation/680FE136-149D-4C7E-A931-6E814772AA35/d/Visual Studio Code.app/Contents/Resources/app/extensions/git/out/main
[2018-06-20 10:41:36.696] [exthost21] [info] ExtensionService#_doActivateExtension vscode.merge-conflict {"startup":true,"activationEvent":"*"}
[2018-06-20 10:41:36.696] [exthost21] [info] ExtensionService#loadCommonJSModule /private/var/folders/x_/vdt6428d6cj852j3gycm176m0000gn/T/AppTranslocation/680FE136-149D-4C7E-A931-6E814772AA35/d/Visual Studio Code.app/Contents/Resources/app/extensions/merge-conflict/out/extension
[2018-06-20 10:41:36.708] [exthost21] [info] ExtensionService#_doActivateExtension vscode.search-rg {"startup":true,"activationEvent":"*"}
[2018-06-20 10:41:36.708] [exthost21] [info] ExtensionService#loadCommonJSModule /private/var/folders/x_/vdt6428d6cj852j3gycm176m0000gn/T/AppTranslocation/680FE136-149D-4C7E-A931-6E814772AA35/d/Visual Studio Code.app/Contents/Resources/app/extensions/search-rg/out/extension
[2018-06-20 10:41:36.713] [exthost21] [info] ExtensionService#_doActivateExtension formulahendry.auto-close-tag {"startup":true,"activationEvent":"*"}
[2018-06-20 10:41:36.713] [exthost21] [info] ExtensionService#loadCommonJSModule /Users/nextechcatapult/.vscode/extensions/formulahendry.auto-close-tag-0.5.6/out/src/extension
[2018-06-20 10:41:36.714] [exthost21] [info] ExtensionService#_doActivateExtension formulahendry.auto-rename-tag {"startup":true,"activationEvent":"*"}
[2018-06-20 10:41:36.714] [exthost21] [info] ExtensionService#loadCommonJSModule /Users/nextechcatapult/.vscode/extensions/formulahendry.auto-rename-tag-0.0.15/out/src/extension
[2018-06-20 10:41:36.717] [exthost21] [info] ExtensionService#_doActivateExtension ritwickdey.LiveServer {"startup":true,"activationEvent":"*"}
[2018-06-20 10:41:36.717] [exthost21] [info] ExtensionService#loadCommonJSModule /Users/nextechcatapult/.vscode/extensions/ritwickdey.liveserver-5.1.1/out/src/extension
[2018-06-20 10:41:37.025] [exthost21] [info] ExtensionService#_doActivateExtension Zignd.html-css-class-completion {"startup":true,"activationEvent":"*"}
[2018-06-20 10:41:37.025] [exthost21] [info] ExtensionService#loadCommonJSModule /Users/nextechcatapult/.vscode/extensions/zignd.html-css-class-completion-1.17.1/out/src/extension
[2018-06-20 10:41:37.320] [exthost21] [info] eager extensions activated
